

Processing CheckoutController#index (for 127.0.0.1 at 2008-12-16 11:53:38) [GET]
Rendering template within layouts/application
Rendering checkout/index
Completed in 17ms (View: 14, DB: 0) | 200 OK [http://localhost/]


Processing CheckoutController#index (for 127.0.0.1 at 2008-12-16 11:53:39) [GET]
Rendering template within layouts/application
Rendering checkout/index
Completed in 15ms (View: 13, DB: 0) | 200 OK [http://localhost/]


Processing CheckoutController#index (for 127.0.0.1 at 2008-12-16 11:57:31) [GET]
Rendering template within layouts/application
Rendering checkout/index
Completed in 18ms (View: 15, DB: 0) | 200 OK [http://localhost/]


Processing EcController#set_ec (for 127.0.0.1 at 2008-12-16 11:57:39) [POST]
  Parameters: {"authenticity_token"=>"02f8772d6f0fec6075d7d23bb1a7b4a0be448970", "submit.x"=>"122", "submit.y"=>"5", "ec"=>{"name"=>"Mr. Bunny", "localecode"=>"US", "shiptocountrycode"=>"US", "shiptostreet2"=>"Blur...", "returnurl"=>"http://localhost:3000/ec/get_ec_details", "shiptozip"=>"92802", "cancelurl"=>"http://localhost:3000/checkout/index", "shiptostreet"=>"1313 Harbor Blvd", "shiptocity"=>"Anaheim", "pagestyle"=>"PayPal", "shiptostate"=>"CA", "currencycode"=>"USD", "amt"=>"1.12", "email"=>"abc@example.com", "paymentaction"=>"Sale"}}
Redirected to https://www.sandbox.paypal.com/cgi-bin/webscr?cmd=_express-checkout&token=EC-0UG27831F2645652U
Completed in 1896ms (DB: 0) | 302 Found [http://localhost/ec/set_ec]


Processing CheckoutController#index (for 127.0.0.1 at 2008-12-16 11:58:18) [GET]
  Parameters: {"token"=>"EC-0UG27831F2645652U"}
Rendering template within layouts/application
Rendering checkout/index
Completed in 16ms (View: 13, DB: 0) | 200 OK [http://localhost/checkout/index?token=EC-0UG27831F2645652U]


Processing CheckoutController#index (for 127.0.0.1 at 2008-12-16 11:58:19) [GET]
  Parameters: {"token"=>"EC-0UG27831F2645652U"}
Rendering template within layouts/application
Rendering checkout/index
Completed in 17ms (View: 14, DB: 0) | 200 OK [http://localhost/checkout/index?token=EC-0UG27831F2645652U]


Processing EcController#set_ec (for 127.0.0.1 at 2008-12-16 11:58:19) [GET]


NoMethodError (You have a nil object when you didn't expect it!
You might have expected an instance of ActiveRecord::Base.
The error occurred while evaluating nil.[]):
    /app/controllers/ec_controller.rb:9:in `set_ec'
    /usr/lib/ruby/gems/1.8/gems/actionpack-2.2.2/lib/action_controller/base.rb:1253:in `send'
    /usr/lib/ruby/gems/1.8/gems/actionpack-2.2.2/lib/action_controller/base.rb:1253:in `perform_action_without_filters'
    /usr/lib/ruby/gems/1.8/gems/actionpack-2.2.2/lib/action_controller/filters.rb:617:in `call_filters'
    /usr/lib/ruby/gems/1.8/gems/actionpack-2.2.2/lib/action_controller/filters.rb:610:in `perform_action_without_benchmark'
    /usr/lib/ruby/gems/1.8/gems/actionpack-2.2.2/lib/action_controller/benchmarking.rb:68:in `perform_action_without_rescue'
    /usr/lib/ruby/1.8/benchmark.rb:293:in `measure'
    /usr/lib/ruby/gems/1.8/gems/actionpack-2.2.2/lib/action_controller/benchmarking.rb:68:in `perform_action_without_rescue'
    /usr/lib/ruby/gems/1.8/gems/actionpack-2.2.2/lib/action_controller/rescue.rb:136:in `perform_action_without_caching'
    /usr/lib/ruby/gems/1.8/gems/actionpack-2.2.2/lib/action_controller/caching/sql_cache.rb:13:in `perform_action'
    /usr/lib/ruby/gems/1.8/gems/activerecord-2.2.2/lib/active_record/connection_adapters/abstract/query_cache.rb:34:in `cache'
    /usr/lib/ruby/gems/1.8/gems/activerecord-2.2.2/lib/active_record/query_cache.rb:8:in `cache'
    /usr/lib/ruby/gems/1.8/gems/actionpack-2.2.2/lib/action_controller/caching/sql_cache.rb:12:in `perform_action'
    /usr/lib/ruby/gems/1.8/gems/actionpack-2.2.2/lib/action_controller/base.rb:524:in `send'
    /usr/lib/ruby/gems/1.8/gems/actionpack-2.2.2/lib/action_controller/base.rb:524:in `process_without_filters'
    /usr/lib/ruby/gems/1.8/gems/actionpack-2.2.2/lib/action_controller/filters.rb:606:in `process_without_session_management_support'
    /usr/lib/ruby/gems/1.8/gems/actionpack-2.2.2/lib/action_controller/session_management.rb:134:in `process'
    /usr/lib/ruby/gems/1.8/gems/actionpack-2.2.2/lib/action_controller/base.rb:392:in `process'
    /usr/lib/ruby/gems/1.8/gems/actionpack-2.2.2/lib/action_controller/dispatcher.rb:183:in `handle_request'
    /usr/lib/ruby/gems/1.8/gems/actionpack-2.2.2/lib/action_controller/dispatcher.rb:110:in `dispatch_unlocked'
    /usr/lib/ruby/gems/1.8/gems/actionpack-2.2.2/lib/action_controller/dispatcher.rb:123:in `dispatch'
    /usr/lib/ruby/gems/1.8/gems/actionpack-2.2.2/lib/action_controller/dispatcher.rb:122:in `synchronize'
    /usr/lib/ruby/gems/1.8/gems/actionpack-2.2.2/lib/action_controller/dispatcher.rb:122:in `dispatch'
    /usr/lib/ruby/gems/1.8/gems/actionpack-2.2.2/lib/action_controller/dispatcher.rb:132:in `dispatch_cgi'
    /usr/lib/ruby/gems/1.8/gems/actionpack-2.2.2/lib/action_controller/dispatcher.rb:39:in `dispatch'
    /usr/lib/ruby/gems/1.8/gems/mongrel-1.1.5/bin/../lib/mongrel/rails.rb:76:in `process'
    /usr/lib/ruby/gems/1.8/gems/mongrel-1.1.5/bin/../lib/mongrel/rails.rb:74:in `synchronize'
    /usr/lib/ruby/gems/1.8/gems/mongrel-1.1.5/bin/../lib/mongrel/rails.rb:74:in `process'
    /usr/lib/ruby/gems/1.8/gems/mongrel-1.1.5/lib/mongrel.rb:159:in `process_client'
    /usr/lib/ruby/gems/1.8/gems/mongrel-1.1.5/lib/mongrel.rb:158:in `each'
    /usr/lib/ruby/gems/1.8/gems/mongrel-1.1.5/lib/mongrel.rb:158:in `process_client'
    /usr/lib/ruby/gems/1.8/gems/mongrel-1.1.5/lib/mongrel.rb:285:in `run'
    /usr/lib/ruby/gems/1.8/gems/mongrel-1.1.5/lib/mongrel.rb:285:in `initialize'
    /usr/lib/ruby/gems/1.8/gems/mongrel-1.1.5/lib/mongrel.rb:285:in `new'
    /usr/lib/ruby/gems/1.8/gems/mongrel-1.1.5/lib/mongrel.rb:285:in `run'
    /usr/lib/ruby/gems/1.8/gems/mongrel-1.1.5/lib/mongrel.rb:268:in `initialize'
    /usr/lib/ruby/gems/1.8/gems/mongrel-1.1.5/lib/mongrel.rb:268:in `new'
    /usr/lib/ruby/gems/1.8/gems/mongrel-1.1.5/lib/mongrel.rb:268:in `run'
    /usr/lib/ruby/gems/1.8/gems/mongrel-1.1.5/lib/mongrel/configurator.rb:282:in `run'
    /usr/lib/ruby/gems/1.8/gems/mongrel-1.1.5/lib/mongrel/configurator.rb:281:in `each'
    /usr/lib/ruby/gems/1.8/gems/mongrel-1.1.5/lib/mongrel/configurator.rb:281:in `run'
    /usr/lib/ruby/gems/1.8/gems/mongrel-1.1.5/bin/mongrel_rails:128:in `run'
    /usr/lib/ruby/gems/1.8/gems/mongrel-1.1.5/lib/mongrel/command.rb:212:in `run'
    /usr/lib/ruby/gems/1.8/gems/mongrel-1.1.5/bin/mongrel_rails:281
    /usr/lib/ruby/gems/1.8/gems/activesupport-2.2.2/lib/active_support/dependencies.rb:142:in `load_without_new_constant_marking'
    /usr/lib/ruby/gems/1.8/gems/activesupport-2.2.2/lib/active_support/dependencies.rb:142:in `load'
    /usr/lib/ruby/gems/1.8/gems/activesupport-2.2.2/lib/active_support/dependencies.rb:521:in `new_constants_in'
    /usr/lib/ruby/gems/1.8/gems/activesupport-2.2.2/lib/active_support/dependencies.rb:142:in `load'
    /usr/lib/ruby/gems/1.8/gems/rails-2.2.2/lib/commands/servers/mongrel.rb:64
    /usr/local/lib/site_ruby/1.8/rubygems/custom_require.rb:31:in `gem_original_require'
    /usr/local/lib/site_ruby/1.8/rubygems/custom_require.rb:31:in `require'
    /usr/lib/ruby/gems/1.8/gems/activesupport-2.2.2/lib/active_support/dependencies.rb:153:in `require'
    /usr/lib/ruby/gems/1.8/gems/activesupport-2.2.2/lib/active_support/dependencies.rb:521:in `new_constants_in'
    /usr/lib/ruby/gems/1.8/gems/activesupport-2.2.2/lib/active_support/dependencies.rb:153:in `require'
    /usr/lib/ruby/gems/1.8/gems/rails-2.2.2/lib/commands/server.rb:49
    /usr/local/lib/site_ruby/1.8/rubygems/custom_require.rb:31:in `gem_original_require'
    /usr/local/lib/site_ruby/1.8/rubygems/custom_require.rb:31:in `require'
    script/server:3

Rendered /usr/lib/ruby/gems/1.8/gems/actionpack-2.2.2/lib/action_controller/templates/rescues/_trace (41.4ms)
Rendered /usr/lib/ruby/gems/1.8/gems/actionpack-2.2.2/lib/action_controller/templates/rescues/_request_and_response (1.2ms)
Rendering /usr/lib/ruby/gems/1.8/gems/actionpack-2.2.2/lib/action_controller/templates/rescues/layout.erb (internal_server_error)


Processing HomeController#index (for 127.0.0.1 at 2008-12-16 12:12:05) [GET]
Rendering template within layouts/application
Rendering home/index
Completed in 9ms (View: 6, DB: 0) | 200 OK [http://localhost/]


Processing HomeController#index (for 127.0.0.1 at 2008-12-16 12:13:40) [GET]
Rendering template within layouts/application
Rendering home/index
Completed in 9ms (View: 6, DB: 0) | 200 OK [http://localhost/]


Processing HomeController#index (for 127.0.0.1 at 2008-12-16 12:14:20) [GET]
Rendering template within layouts/application
Rendering home/index
Completed in 9ms (View: 6, DB: 0) | 200 OK [http://localhost/]


Processing HomeController#index (for 127.0.0.1 at 2008-12-16 12:14:36) [GET]
Rendering template within layouts/application
Rendering home/index
Completed in 9ms (View: 6, DB: 0) | 200 OK [http://localhost/]


Processing HomeController#index (for 127.0.0.1 at 2008-12-16 12:14:52) [GET]
Rendering template within layouts/application
Rendering home/index
Completed in 9ms (View: 6, DB: 0) | 200 OK [http://localhost/]


Processing HomeController#index (for 127.0.0.1 at 2008-12-16 12:15:07) [GET]
Rendering template within layouts/application
Rendering home/index
Completed in 9ms (View: 6, DB: 0) | 200 OK [http://localhost/]


Processing HomeController#index (for 127.0.0.1 at 2008-12-16 12:15:18) [GET]
Rendering template within layouts/application
Rendering home/index
Completed in 9ms (View: 5, DB: 0) | 200 OK [http://localhost/]


Processing CheckoutController#index (for 127.0.0.1 at 2008-12-16 12:15:33) [GET]
Rendering template within layouts/application
Rendering checkout/index
Completed in 19ms (View: 15, DB: 0) | 200 OK [http://localhost/checkout]


Processing CheckoutController#index (for 127.0.0.1 at 2008-12-16 12:16:49) [GET]
Rendering template within layouts/application
Rendering checkout/index
Completed in 118ms (View: 114, DB: 0) | 200 OK [http://localhost/checkout]


Processing EcController#set_ec (for 127.0.0.1 at 2008-12-16 12:16:53) [POST]
  Parameters: {"authenticity_token"=>"02f8772d6f0fec6075d7d23bb1a7b4a0be448970", "submit.x"=>"125", "submit.y"=>"9", "ec"=>{"name"=>"Mr. Bunny", "localecode"=>"US", "shiptocountrycode"=>"US", "shiptostreet2"=>"Blur...", "returnurl"=>"http://localhost:3000/ec/get_ec_details", "shiptozip"=>"92802", "cancelurl"=>"http://localhost:3000/checkout/index", "shiptostreet"=>"1313 Harbor Blvd", "shiptocity"=>"Anaheim", "pagestyle"=>"PayPal", "shiptostate"=>"CA", "currencycode"=>"USD", "amt"=>"1.02", "paymentaction"=>"Sale"}}
Redirected to https://www.sandbox.paypal.com/cgi-bin/webscr?cmd=_express-checkout&token=EC-9DT34499KM5974124
Completed in 1627ms (DB: 0) | 302 Found [http://localhost/ec/set_ec]


Processing EcController#get_ec_details (for 127.0.0.1 at 2008-12-16 12:17:45) [GET]
  Parameters: {"token"=>"EC-9DT34499KM5974124", "PayerID"=>"PDPSN24JUSWZS"}
Redirected to actionreview_response
Completed in 1627ms (DB: 0) | 302 Found [http://localhost/ec/get_ec_details?token=EC-9DT34499KM5974124&PayerID=PDPSN24JUSWZS]


Processing EcController#review_response (for 127.0.0.1 at 2008-12-16 12:17:47) [GET]
Rendering template within layouts/application
Rendering ec/review_response
Completed in 36ms (View: 33, DB: 0) | 200 OK [http://localhost/ec/review_response]


Processing EcController#review_response (for 127.0.0.1 at 2008-12-16 12:17:47) [GET]
Rendering template within layouts/application
Rendering ec/review_response
Completed in 14ms (View: 11, DB: 0) | 200 OK [http://localhost/ec/review_response]


Processing EcController#review_response (for 127.0.0.1 at 2008-12-16 12:20:02) [GET]
Rendering template within layouts/application
Rendering ec/review_response
Completed in 14ms (View: 11, DB: 0) | 200 OK [http://localhost/ec/review_response]


Processing EcController#review_response (for 127.0.0.1 at 2008-12-16 12:20:09) [GET]
Rendering template within layouts/application
Rendering ec/review_response
Completed in 13ms (View: 10, DB: 0) | 200 OK [http://localhost/ec/review_response]


Processing EcController#review_response (for 127.0.0.1 at 2008-12-16 12:22:26) [GET]
Rendering template within layouts/application
Rendering ec/review_response
Completed in 13ms (View: 10, DB: 0) | 200 OK [http://localhost/ec/review_response]


Processing EcController#review_response (for 127.0.0.1 at 2008-12-16 12:22:51) [GET]
Rendering template within layouts/application
Rendering ec/review_response
Completed in 109ms (View: 106, DB: 0) | 200 OK [http://localhost/ec/review_response]


Processing EcController#review_response (for 127.0.0.1 at 2008-12-16 12:23:43) [GET]
Rendering template within layouts/application
Rendering ec/review_response
Completed in 13ms (View: 10, DB: 0) | 200 OK [http://localhost/ec/review_response]


Processing EcController#review_response (for 127.0.0.1 at 2008-12-16 12:23:59) [GET]
Rendering template within layouts/application
Rendering ec/review_response
Completed in 13ms (View: 10, DB: 0) | 200 OK [http://localhost/ec/review_response]


Processing EcController#review_response (for 127.0.0.1 at 2008-12-16 12:24:58) [GET]
Rendering template within layouts/application
Rendering ec/review_response
Completed in 14ms (View: 11, DB: 0) | 200 OK [http://localhost/ec/review_response]


Processing EcController#review_response (for 127.0.0.1 at 2008-12-16 12:25:05) [GET]
Rendering template within layouts/application
Rendering ec/review_response
Completed in 13ms (View: 9, DB: 0) | 200 OK [http://localhost/ec/review_response]


Processing EcController#review_response (for 127.0.0.1 at 2008-12-16 12:25:47) [GET]
Rendering template within layouts/application
Rendering ec/review_response
Completed in 12ms (View: 9, DB: 0) | 200 OK [http://localhost/ec/review_response]


Processing EcController#review_response (for 127.0.0.1 at 2008-12-16 12:26:06) [GET]
Rendering template within layouts/application
Rendering ec/review_response
Completed in 14ms (View: 11, DB: 0) | 200 OK [http://localhost/ec/review_response]


Processing EcController#do_ec_payment (for 127.0.0.1 at 2008-12-16 12:26:59) [POST]
  Parameters: {"commit"=>"Confirm", "authenticity_token"=>"02f8772d6f0fec6075d7d23bb1a7b4a0be448970", "ec"=>{"token"=>"EC-9DT34499KM5974124", "currencycode"=>"USD", "amt"=>"1.02", "payerid"=>"PDPSN24JUSWZS", "paymentaction"=>"Sale"}}
Redirected to actionshow_results
Completed in 3193ms (DB: 0) | 302 Found [http://localhost/ec/do_ec_payment]


Processing EcController#show_results (for 127.0.0.1 at 2008-12-16 12:27:02) [GET]
Rendering template within layouts/application
Rendering ec/show_results
Completed in 128ms (View: 124, DB: 0) | 200 OK [http://localhost/ec/show_results]


Processing EcController#do_ec_payment (for 127.0.0.1 at 2008-12-16 12:27:03) [GET]


NoMethodError (You have a nil object when you didn't expect it!
You might have expected an instance of ActiveRecord::Base.
The error occurred while evaluating nil.[]):
    /app/controllers/ec_controller.rb:110:in `do_ec_payment'
    /usr/lib/ruby/gems/1.8/gems/actionpack-2.2.2/lib/action_controller/base.rb:1253:in `send'
    /usr/lib/ruby/gems/1.8/gems/actionpack-2.2.2/lib/action_controller/base.rb:1253:in `perform_action_without_filters'
    /usr/lib/ruby/gems/1.8/gems/actionpack-2.2.2/lib/action_controller/filters.rb:617:in `call_filters'
    /usr/lib/ruby/gems/1.8/gems/actionpack-2.2.2/lib/action_controller/filters.rb:610:in `perform_action_without_benchmark'
    /usr/lib/ruby/gems/1.8/gems/actionpack-2.2.2/lib/action_controller/benchmarking.rb:68:in `perform_action_without_rescue'
    /usr/lib/ruby/1.8/benchmark.rb:293:in `measure'
    /usr/lib/ruby/gems/1.8/gems/actionpack-2.2.2/lib/action_controller/benchmarking.rb:68:in `perform_action_without_rescue'
    /usr/lib/ruby/gems/1.8/gems/actionpack-2.2.2/lib/action_controller/rescue.rb:136:in `perform_action_without_caching'
    /usr/lib/ruby/gems/1.8/gems/actionpack-2.2.2/lib/action_controller/caching/sql_cache.rb:13:in `perform_action'
    /usr/lib/ruby/gems/1.8/gems/activerecord-2.2.2/lib/active_record/connection_adapters/abstract/query_cache.rb:34:in `cache'
    /usr/lib/ruby/gems/1.8/gems/activerecord-2.2.2/lib/active_record/query_cache.rb:8:in `cache'
    /usr/lib/ruby/gems/1.8/gems/actionpack-2.2.2/lib/action_controller/caching/sql_cache.rb:12:in `perform_action'
    /usr/lib/ruby/gems/1.8/gems/actionpack-2.2.2/lib/action_controller/base.rb:524:in `send'
    /usr/lib/ruby/gems/1.8/gems/actionpack-2.2.2/lib/action_controller/base.rb:524:in `process_without_filters'
    /usr/lib/ruby/gems/1.8/gems/actionpack-2.2.2/lib/action_controller/filters.rb:606:in `process_without_session_management_support'
    /usr/lib/ruby/gems/1.8/gems/actionpack-2.2.2/lib/action_controller/session_management.rb:134:in `process'
    /usr/lib/ruby/gems/1.8/gems/actionpack-2.2.2/lib/action_controller/base.rb:392:in `process'
    /usr/lib/ruby/gems/1.8/gems/actionpack-2.2.2/lib/action_controller/dispatcher.rb:183:in `handle_request'
    /usr/lib/ruby/gems/1.8/gems/actionpack-2.2.2/lib/action_controller/dispatcher.rb:110:in `dispatch_unlocked'
    /usr/lib/ruby/gems/1.8/gems/actionpack-2.2.2/lib/action_controller/dispatcher.rb:123:in `dispatch'
    /usr/lib/ruby/gems/1.8/gems/actionpack-2.2.2/lib/action_controller/dispatcher.rb:122:in `synchronize'
    /usr/lib/ruby/gems/1.8/gems/actionpack-2.2.2/lib/action_controller/dispatcher.rb:122:in `dispatch'
    /usr/lib/ruby/gems/1.8/gems/actionpack-2.2.2/lib/action_controller/dispatcher.rb:132:in `dispatch_cgi'
    /usr/lib/ruby/gems/1.8/gems/actionpack-2.2.2/lib/action_controller/dispatcher.rb:39:in `dispatch'
    /usr/lib/ruby/gems/1.8/gems/mongrel-1.1.5/bin/../lib/mongrel/rails.rb:76:in `process'
    /usr/lib/ruby/gems/1.8/gems/mongrel-1.1.5/bin/../lib/mongrel/rails.rb:74:in `synchronize'
    /usr/lib/ruby/gems/1.8/gems/mongrel-1.1.5/bin/../lib/mongrel/rails.rb:74:in `process'
    /usr/lib/ruby/gems/1.8/gems/mongrel-1.1.5/lib/mongrel.rb:159:in `process_client'
    /usr/lib/ruby/gems/1.8/gems/mongrel-1.1.5/lib/mongrel.rb:158:in `each'
    /usr/lib/ruby/gems/1.8/gems/mongrel-1.1.5/lib/mongrel.rb:158:in `process_client'
    /usr/lib/ruby/gems/1.8/gems/mongrel-1.1.5/lib/mongrel.rb:285:in `run'
    /usr/lib/ruby/gems/1.8/gems/mongrel-1.1.5/lib/mongrel.rb:285:in `initialize'
    /usr/lib/ruby/gems/1.8/gems/mongrel-1.1.5/lib/mongrel.rb:285:in `new'
    /usr/lib/ruby/gems/1.8/gems/mongrel-1.1.5/lib/mongrel.rb:285:in `run'
    /usr/lib/ruby/gems/1.8/gems/mongrel-1.1.5/lib/mongrel.rb:268:in `initialize'
    /usr/lib/ruby/gems/1.8/gems/mongrel-1.1.5/lib/mongrel.rb:268:in `new'
    /usr/lib/ruby/gems/1.8/gems/mongrel-1.1.5/lib/mongrel.rb:268:in `run'
    /usr/lib/ruby/gems/1.8/gems/mongrel-1.1.5/lib/mongrel/configurator.rb:282:in `run'
    /usr/lib/ruby/gems/1.8/gems/mongrel-1.1.5/lib/mongrel/configurator.rb:281:in `each'
    /usr/lib/ruby/gems/1.8/gems/mongrel-1.1.5/lib/mongrel/configurator.rb:281:in `run'
    /usr/lib/ruby/gems/1.8/gems/mongrel-1.1.5/bin/mongrel_rails:128:in `run'
    /usr/lib/ruby/gems/1.8/gems/mongrel-1.1.5/lib/mongrel/command.rb:212:in `run'
    /usr/lib/ruby/gems/1.8/gems/mongrel-1.1.5/bin/mongrel_rails:281
    /usr/lib/ruby/gems/1.8/gems/activesupport-2.2.2/lib/active_support/dependencies.rb:142:in `load_without_new_constant_marking'
    /usr/lib/ruby/gems/1.8/gems/activesupport-2.2.2/lib/active_support/dependencies.rb:142:in `load'
    /usr/lib/ruby/gems/1.8/gems/activesupport-2.2.2/lib/active_support/dependencies.rb:521:in `new_constants_in'
    /usr/lib/ruby/gems/1.8/gems/activesupport-2.2.2/lib/active_support/dependencies.rb:142:in `load'
    /usr/lib/ruby/gems/1.8/gems/rails-2.2.2/lib/commands/servers/mongrel.rb:64
    /usr/local/lib/site_ruby/1.8/rubygems/custom_require.rb:31:in `gem_original_require'
    /usr/local/lib/site_ruby/1.8/rubygems/custom_require.rb:31:in `require'
    /usr/lib/ruby/gems/1.8/gems/activesupport-2.2.2/lib/active_support/dependencies.rb:153:in `require'
    /usr/lib/ruby/gems/1.8/gems/activesupport-2.2.2/lib/active_support/dependencies.rb:521:in `new_constants_in'
    /usr/lib/ruby/gems/1.8/gems/activesupport-2.2.2/lib/active_support/dependencies.rb:153:in `require'
    /usr/lib/ruby/gems/1.8/gems/rails-2.2.2/lib/commands/server.rb:49
    /usr/local/lib/site_ruby/1.8/rubygems/custom_require.rb:31:in `gem_original_require'
    /usr/local/lib/site_ruby/1.8/rubygems/custom_require.rb:31:in `require'
    script/server:3

Rendered /usr/lib/ruby/gems/1.8/gems/actionpack-2.2.2/lib/action_controller/templates/rescues/_trace (39.2ms)
Rendered /usr/lib/ruby/gems/1.8/gems/actionpack-2.2.2/lib/action_controller/templates/rescues/_request_and_response (9.7ms)
Rendering /usr/lib/ruby/gems/1.8/gems/actionpack-2.2.2/lib/action_controller/templates/rescues/layout.erb (internal_server_error)


Processing EcController#show_results (for 127.0.0.1 at 2008-12-16 12:36:46) [GET]
Rendering template within layouts/application
Rendering ec/show_results
Completed in 14ms (View: 11, DB: 0) | 200 OK [http://localhost/ec/show_results]


Processing EcController#show_results (for 127.0.0.1 at 2008-12-16 12:37:45) [GET]
Rendering template within layouts/application
Rendering ec/show_results
Completed in 14ms (View: 10, DB: 0) | 200 OK [http://localhost/ec/show_results]


Processing EcController#show_results (for 127.0.0.1 at 2008-12-16 12:37:46) [GET]
Rendering template within layouts/application
Rendering ec/show_results
Completed in 15ms (View: 11, DB: 0) | 200 OK [http://localhost/ec/show_results]


Processing EcController#show_results (for 127.0.0.1 at 2008-12-16 12:37:55) [GET]
Rendering template within layouts/application
Rendering ec/show_results
Completed in 14ms (View: 10, DB: 0) | 200 OK [http://localhost/ec/show_results]


Processing EcController#show_results (for 127.0.0.1 at 2008-12-16 12:37:56) [GET]
Rendering template within layouts/application
Rendering ec/show_results
Completed in 13ms (View: 10, DB: 0) | 200 OK [http://localhost/ec/show_results]


Processing EcController#show_results (for 127.0.0.1 at 2008-12-16 12:38:06) [GET]
Rendering template within layouts/application
Rendering ec/show_results
Completed in 14ms (View: 11, DB: 0) | 200 OK [http://localhost/ec/show_results]


Processing CheckoutController#index (for 127.0.0.1 at 2008-12-16 12:39:11) [GET]
Rendering template within layouts/application
Rendering checkout/index
Completed in 18ms (View: 15, DB: 0) | 200 OK [http://localhost/checkout]


Processing CheckoutController#index (for 127.0.0.1 at 2008-12-16 12:39:13) [GET]
Rendering template within layouts/application
Rendering checkout/index
Completed in 16ms (View: 12, DB: 0) | 200 OK [http://localhost/checkout]


Processing EcController#set_ec (for 127.0.0.1 at 2008-12-16 12:42:43) [POST]
  Parameters: {"authenticity_token"=>"02f8772d6f0fec6075d7d23bb1a7b4a0be448970", "submit.x"=>"121", "submit.y"=>"12", "ec"=>{"name"=>"Mr. Bunny", "localecode"=>"US", "shiptocountrycode"=>"US", "shiptostreet2"=>"Blur...", "returnurl"=>"http://localhost:3000/ec/get_ec_details", "shiptozip"=>"92802", "cancelurl"=>"http://localhost:3000/checkout/index", "shiptostreet"=>"1313 Harbor Blvd", "shiptocity"=>"Anaheim", "pagestyle"=>"PayPal", "shiptostate"=>"CA", "currencycode"=>"USD", "amt"=>"1.02", "paymentaction"=>"Sale"}}
Redirected to https://www.sandbox.paypal.com/cgi-bin/webscr?cmd=_express-checkout&token=EC-9X37221484185802W
Completed in 1604ms (DB: 0) | 302 Found [http://localhost/ec/set_ec]


Processing EcController#get_ec_details (for 127.0.0.1 at 2008-12-16 12:43:40) [GET]
  Parameters: {"token"=>"EC-9X37221484185802W", "PayerID"=>"PDPSN24JUSWZS"}
Redirected to actionreview_response
Completed in 1617ms (DB: 0) | 302 Found [http://localhost/ec/get_ec_details?token=EC-9X37221484185802W&PayerID=PDPSN24JUSWZS]


Processing EcController#review_response (for 127.0.0.1 at 2008-12-16 12:43:41) [GET]
Rendering template within layouts/application
Rendering ec/review_response
Completed in 13ms (View: 9, DB: 0) | 200 OK [http://localhost/ec/review_response]


Processing EcController#review_response (for 127.0.0.1 at 2008-12-16 12:43:42) [GET]
Rendering template within layouts/application
Rendering ec/review_response
Completed in 15ms (View: 12, DB: 0) | 200 OK [http://localhost/ec/review_response]


Processing EcController#review_response (for 127.0.0.1 at 2008-12-16 12:47:26) [GET]
Rendering template within layouts/application
Rendering ec/review_response
Completed in 14ms (View: 11, DB: 0) | 200 OK [http://localhost/ec/review_response]


Processing EcController#review_response (for 127.0.0.1 at 2008-12-16 12:49:07) [GET]
Rendering template within layouts/application
Rendering ec/review_response
Completed in 15ms (View: 11, DB: 0) | 200 OK [http://localhost/ec/review_response]


Processing EcController#review_response (for 127.0.0.1 at 2008-12-16 12:49:07) [GET]
Rendering template within layouts/application
Rendering ec/review_response
Completed in 14ms (View: 11, DB: 0) | 200 OK [http://localhost/ec/review_response]


Processing EcController#review_response (for 127.0.0.1 at 2008-12-16 12:49:11) [GET]
Rendering template within layouts/application
Rendering ec/review_response
Completed in 13ms (View: 10, DB: 0) | 200 OK [http://localhost/ec/review_response]


Processing EcController#review_response (for 127.0.0.1 at 2008-12-16 12:49:11) [GET]
Rendering template within layouts/application
Rendering ec/review_response
Completed in 14ms (View: 11, DB: 0) | 200 OK [http://localhost/ec/review_response]


Processing EcController#review_response (for 127.0.0.1 at 2008-12-16 12:49:19) [GET]
Rendering template within layouts/application
Rendering ec/review_response
Completed in 15ms (View: 11, DB: 0) | 200 OK [http://localhost/ec/review_response]


Processing EcController#review_response (for 127.0.0.1 at 2008-12-16 12:57:53) [GET]
Rendering template within layouts/application
Rendering ec/review_response
Completed in 120ms (View: 117, DB: 0) | 200 OK [http://localhost/ec/review_response]


Processing EcController#review_response (for 127.0.0.1 at 2008-12-16 12:58:50) [GET]
Rendering template within layouts/application
Rendering ec/review_response
Completed in 16ms (View: 13, DB: 0) | 200 OK [http://localhost/ec/review_response]


Processing EcController#review_response (for 127.0.0.1 at 2008-12-16 12:59:09) [GET]
Rendering template within layouts/application
Rendering ec/review_response
Completed in 14ms (View: 11, DB: 0) | 200 OK [http://localhost/ec/review_response]


Processing EcController#review_response (for 127.0.0.1 at 2008-12-16 13:04:53) [GET]
Rendering template within layouts/application
Rendering ec/review_response
Completed in 15ms (View: 12, DB: 0) | 200 OK [http://localhost/ec/review_response]


Processing EcController#review_response (for 127.0.0.1 at 2008-12-16 13:06:19) [GET]
Rendering template within layouts/application
Rendering ec/review_response
Completed in 14ms (View: 12, DB: 0) | 200 OK [http://localhost/ec/review_response]


Processing EcController#review_response (for 127.0.0.1 at 2008-12-16 13:07:34) [GET]
Rendering template within layouts/application
Rendering ec/review_response
Completed in 16ms (View: 12, DB: 0) | 200 OK [http://localhost/ec/review_response]


Processing EcController#review_response (for 127.0.0.1 at 2008-12-16 13:07:34) [GET]
Rendering template within layouts/application
Rendering ec/review_response
Completed in 16ms (View: 12, DB: 0) | 200 OK [http://localhost/ec/review_response]


Processing EcController#review_response (for 127.0.0.1 at 2008-12-16 13:09:38) [GET]
Rendering template within layouts/application
Rendering ec/review_response
Completed in 14ms (View: 11, DB: 0) | 200 OK [http://localhost/ec/review_response]


Processing EcController#review_response (for 127.0.0.1 at 2008-12-16 13:10:00) [GET]
Rendering template within layouts/application
Rendering ec/review_response
Completed in 15ms (View: 13, DB: 0) | 200 OK [http://localhost/ec/review_response]


Processing EcController#do_ec_payment (for 127.0.0.1 at 2008-12-16 13:10:20) [POST]
  Parameters: {"commit"=>"Confirm", "authenticity_token"=>"02f8772d6f0fec6075d7d23bb1a7b4a0be448970", "ec"=>{"token"=>"EC-9X37221484185802W", "currencycode"=>"USD", "amt"=>"1.02", "payerid"=>"PDPSN24JUSWZS", "paymentaction"=>"Sale"}}
Redirected to actionshow_results
Completed in 3440ms (DB: 0) | 302 Found [http://localhost/ec/do_ec_payment]


Processing EcController#show_results (for 127.0.0.1 at 2008-12-16 13:10:23) [GET]
Rendering template within layouts/application
Rendering ec/show_results
Completed in 14ms (View: 11, DB: 0) | 200 OK [http://localhost/ec/show_results]


Processing EcController#show_results (for 127.0.0.1 at 2008-12-16 13:11:00) [GET]
Rendering template within layouts/application
Rendering ec/show_results
Completed in 13ms (View: 10, DB: 0) | 200 OK [http://localhost/ec/show_results]


Processing EcController#show_results (for 127.0.0.1 at 2008-12-16 13:14:44) [GET]
Rendering template within layouts/application
Rendering ec/show_results
Completed in 12ms (View: 9, DB: 0) | 200 OK [http://localhost/ec/show_results]


Processing EcController#show_results (for 127.0.0.1 at 2008-12-16 13:15:09) [GET]
Rendering template within layouts/application
Rendering ec/show_results
Completed in 14ms (View: 11, DB: 0) | 200 OK [http://localhost/ec/show_results]


Processing EcController#show_results (for 127.0.0.1 at 2008-12-16 13:15:39) [GET]
Rendering template within layouts/application
Rendering ec/show_results
Completed in 14ms (View: 11, DB: 0) | 200 OK [http://localhost/ec/show_results]
  [4;36;1mSQL (0.4ms)[0m   [0;1m SELECT name
 FROM sqlite_master
 WHERE type = 'table' AND NOT name = 'sqlite_sequence'
[0m


Processing EcController#show_results (for 127.0.0.1 at 2008-12-16 13:19:29) [GET]
Rendering template within layouts/application
Rendering ec/show_results
Completed in 13ms (View: 10, DB: 0) | 200 OK [http://localhost/ec/show_results]


Processing EcController#show_results (for 127.0.0.1 at 2008-12-16 13:19:30) [GET]
Rendering template within layouts/application
Rendering ec/show_results
Completed in 39ms (View: 30, DB: 0) | 200 OK [http://localhost/ec/show_results]


Processing EcController#show_results (for 127.0.0.1 at 2008-12-16 13:19:40) [GET]
Rendering template within layouts/application
Rendering ec/show_results
Completed in 13ms (View: 10, DB: 0) | 200 OK [http://localhost/ec/show_results]


Processing CheckoutController#index (for 127.0.0.1 at 2008-12-16 13:19:43) [GET]
Rendering template within layouts/application
Rendering checkout/index
Completed in 17ms (View: 13, DB: 0) | 200 OK [http://localhost/checkout]


Processing CheckoutController#index (for 127.0.0.1 at 2008-12-16 13:19:47) [GET]
Rendering template within layouts/application
Rendering checkout/index
Completed in 25ms (View: 22, DB: 0) | 200 OK [http://localhost/checkout]


Processing EcController#show_results (for 127.0.0.1 at 2008-12-16 13:19:55) [GET]
Rendering template within layouts/application
Rendering ec/show_results
Completed in 15ms (View: 12, DB: 0) | 200 OK [http://localhost/ec/show_results]


Processing EcController#show_results (for 127.0.0.1 at 2008-12-16 13:20:07) [GET]
Rendering template within layouts/application
Rendering ec/show_results
Completed in 15ms (View: 11, DB: 0) | 200 OK [http://localhost/ec/show_results]


Processing HomeController#index (for 127.0.0.1 at 2008-12-16 13:20:12) [GET]
Rendering template within layouts/application
Rendering home/index
Completed in 118ms (View: 115, DB: 0) | 200 OK [http://localhost/]


Processing HomeController#index (for 127.0.0.1 at 2008-12-16 13:20:13) [GET]
Rendering template within layouts/application
Rendering home/index
Completed in 19ms (View: 14, DB: 0) | 200 OK [http://localhost/]


Processing CheckoutController#index (for 127.0.0.1 at 2008-12-16 13:20:22) [GET]
Rendering template within layouts/application
Rendering checkout/index
Completed in 15ms (View: 13, DB: 0) | 200 OK [http://localhost/checkout]


Processing CheckoutController#index (for 127.0.0.1 at 2008-12-16 13:20:23) [GET]
Rendering template within layouts/application
Rendering checkout/index
Completed in 15ms (View: 12, DB: 0) | 200 OK [http://localhost/checkout]


Processing CheckoutController#index (for 127.0.0.1 at 2008-12-16 13:21:03) [GET]
Rendering template within layouts/application
Rendering checkout/index
Completed in 15ms (View: 12, DB: 0) | 200 OK [http://localhost/checkout]


Processing EcController#review_response (for 127.0.0.1 at 2008-12-16 13:22:45) [GET]
Rendering template within layouts/application
Rendering ec/review_response
Completed in 18ms (View: 15, DB: 0) | 200 OK [http://localhost/ec/review_response]


Processing EcController#show_results (for 127.0.0.1 at 2008-12-16 13:22:50) [GET]
Rendering template within layouts/application
Rendering ec/show_results
Completed in 15ms (View: 12, DB: 0) | 200 OK [http://localhost/ec/show_results]


Processing EcController#show_results (for 127.0.0.1 at 2008-12-16 13:22:56) [GET]
Rendering template within layouts/application
Rendering ec/show_results
Completed in 15ms (View: 10, DB: 0) | 200 OK [http://localhost/ec/show_results]


Processing EcController#show_results (for 127.0.0.1 at 2008-12-16 13:23:18) [GET]
Rendering template within layouts/application
Rendering ec/show_results
Completed in 12ms (View: 10, DB: 0) | 200 OK [http://localhost/ec/show_results]


Processing CheckoutController#index (for 127.0.0.1 at 2008-12-16 13:23:53) [GET]
Rendering template within layouts/application
Rendering checkout/index
Completed in 17ms (View: 14, DB: 0) | 200 OK [http://localhost/checkout]


Processing CheckoutController#index (for 127.0.0.1 at 2008-12-16 13:23:54) [GET]
Rendering template within layouts/application
Rendering checkout/index
Completed in 15ms (View: 13, DB: 0) | 200 OK [http://localhost/checkout]


Processing EcController#set_ec (for 127.0.0.1 at 2008-12-16 13:24:16) [POST]
  Parameters: {"authenticity_token"=>"02f8772d6f0fec6075d7d23bb1a7b4a0be448970", "submit.x"=>"76", "submit.y"=>"18", "ec"=>{"name"=>"Mr. Bunny", "localecode"=>"US", "shiptocountrycode"=>"US", "shiptostreet2"=>"Blur...", "returnurl"=>"http://localhost:3000/ec/get_ec_details", "shiptozip"=>"92802", "cancelurl"=>"http://localhost:3000/checkout/index", "shiptostreet"=>"1313 Harbor Blvd", "shiptocity"=>"Anaheim", "shipping_option"=>"NoShipping", "pagestyle"=>"PayPal", "shiptostate"=>"CA", "currencycode"=>"USD", "amt"=>"0.97", "paymentaction"=>"Sale"}}
Redirected to https://www.sandbox.paypal.com/cgi-bin/webscr?cmd=_express-checkout&token=EC-4DX75497679838904
Completed in 5792ms (DB: 0) | 302 Found [http://localhost/ec/set_ec]


Processing EcController#get_ec_details (for 127.0.0.1 at 2008-12-16 13:25:25) [GET]
  Parameters: {"token"=>"EC-4DX75497679838904", "PayerID"=>"PDPSN24JUSWZS"}
Redirected to actionreview_response
Completed in 4065ms (DB: 0) | 302 Found [http://localhost/ec/get_ec_details?token=EC-4DX75497679838904&PayerID=PDPSN24JUSWZS]


Processing EcController#review_response (for 127.0.0.1 at 2008-12-16 13:25:29) [GET]
Rendering template within layouts/application
Rendering ec/review_response
Completed in 14ms (View: 11, DB: 0) | 200 OK [http://localhost/ec/review_response]


Processing EcController#review_response (for 127.0.0.1 at 2008-12-16 13:25:29) [GET]
Rendering template within layouts/application
Rendering ec/review_response
Completed in 16ms (View: 13, DB: 0) | 200 OK [http://localhost/ec/review_response]


Processing EcController#review_response (for 127.0.0.1 at 2008-12-16 13:26:15) [GET]
Rendering template within layouts/application
Rendering ec/review_response
Completed in 14ms (View: 12, DB: 0) | 200 OK [http://localhost/ec/review_response]


Processing EcController#do_ec_payment (for 127.0.0.1 at 2008-12-16 13:26:29) [POST]
  Parameters: {"commit"=>"Confirm", "authenticity_token"=>"02f8772d6f0fec6075d7d23bb1a7b4a0be448970", "ec"=>{"token"=>"EC-4DX75497679838904", "currencycode"=>"USD", "amt"=>"0.97", "payerid"=>"PDPSN24JUSWZS", "paymentaction"=>"Sale"}}
Redirected to actionshow_results
Completed in 19271ms (DB: 0) | 302 Found [http://localhost/ec/do_ec_payment]


Processing EcController#show_results (for 127.0.0.1 at 2008-12-16 13:26:48) [GET]
Rendering template within layouts/application
Rendering ec/show_results
Completed in 14ms (View: 10, DB: 0) | 200 OK [http://localhost/ec/show_results]


Processing EcController#show_results (for 127.0.0.1 at 2008-12-16 13:27:45) [GET]
Rendering template within layouts/application
Rendering ec/show_results
Completed in 14ms (View: 10, DB: 0) | 200 OK [http://localhost/ec/show_results]


Processing EcController#show_results (for 127.0.0.1 at 2008-12-16 13:28:09) [GET]
Rendering template within layouts/application
Rendering ec/show_results
Completed in 13ms (View: 10, DB: 0) | 200 OK [http://localhost/ec/show_results]


Processing CheckoutController#index (for 127.0.0.1 at 2008-12-16 13:28:19) [GET]
Rendering template within layouts/application
Rendering checkout/index
Completed in 15ms (View: 12, DB: 0) | 200 OK [http://localhost/checkout]


Processing CheckoutController#index (for 127.0.0.1 at 2008-12-16 13:28:19) [GET]
Rendering template within layouts/application
Rendering checkout/index
Completed in 20ms (View: 16, DB: 0) | 200 OK [http://localhost/checkout]


Processing EcController#set_ec (for 127.0.0.1 at 2008-12-16 13:28:37) [POST]
  Parameters: {"authenticity_token"=>"02f8772d6f0fec6075d7d23bb1a7b4a0be448970", "submit.x"=>"105", "submit.y"=>"16", "ec"=>{"name"=>"Mr. Bunny", "localecode"=>"US", "shiptocountrycode"=>"US", "shiptostreet2"=>"Blur...", "returnurl"=>"http://localhost:3000/ec/get_ec_details", "shiptozip"=>"92802", "cancelurl"=>"http://localhost:3000/checkout/index", "shiptostreet"=>"1313 Harbor Blvd", "shiptocity"=>"Anaheim", "shipping_option"=>"ReqConfirmShipping", "pagestyle"=>"PayPal", "shiptostate"=>"CA", "currencycode"=>"USD", "amt"=>"0.98", "paymentaction"=>"Sale"}}
Redirected to https://www.sandbox.paypal.com/cgi-bin/webscr?cmd=_express-checkout&token=EC-61N78630H45497351
Completed in 5013ms (DB: 0) | 302 Found [http://localhost/ec/set_ec]


Processing EcController#get_ec_details (for 127.0.0.1 at 2008-12-16 13:29:25) [GET]
  Parameters: {"token"=>"EC-61N78630H45497351", "PayerID"=>"PDPSN24JUSWZS"}
Redirected to actionreview_response
Completed in 2870ms (DB: 0) | 302 Found [http://localhost/ec/get_ec_details?token=EC-61N78630H45497351&PayerID=PDPSN24JUSWZS]


Processing EcController#review_response (for 127.0.0.1 at 2008-12-16 13:29:28) [GET]
Rendering template within layouts/application
Rendering ec/review_response
Completed in 116ms (View: 12, DB: 0) | 200 OK [http://localhost/ec/review_response]


Processing EcController#review_response (for 127.0.0.1 at 2008-12-16 13:29:28) [GET]
Rendering template within layouts/application
Rendering ec/review_response
Completed in 17ms (View: 13, DB: 0) | 200 OK [http://localhost/ec/review_response]


Processing EcController#do_ec_payment (for 127.0.0.1 at 2008-12-16 13:29:45) [POST]
  Parameters: {"commit"=>"Confirm", "authenticity_token"=>"02f8772d6f0fec6075d7d23bb1a7b4a0be448970", "ec"=>{"token"=>"EC-61N78630H45497351", "currencycode"=>"USD", "amt"=>"0.98", "payerid"=>"PDPSN24JUSWZS", "paymentaction"=>"Sale"}}
Redirected to actionshow_results
Completed in 10299ms (DB: 0) | 302 Found [http://localhost/ec/do_ec_payment]


Processing EcController#show_results (for 127.0.0.1 at 2008-12-16 13:29:56) [GET]
Rendering template within layouts/application
Rendering ec/show_results
Completed in 14ms (View: 10, DB: 0) | 200 OK [http://localhost/ec/show_results]


Processing CheckoutController#index (for 127.0.0.1 at 2008-12-16 13:30:15) [GET]
Rendering template within layouts/application
Rendering checkout/index
Completed in 15ms (View: 12, DB: 0) | 200 OK [http://localhost/checkout]


Processing CheckoutController#index (for 127.0.0.1 at 2008-12-16 13:30:16) [GET]
Rendering template within layouts/application
Rendering checkout/index
Completed in 16ms (View: 13, DB: 0) | 200 OK [http://localhost/checkout]


Processing CheckoutController#index (for 127.0.0.1 at 2008-12-16 13:31:36) [GET]
Rendering template within layouts/application
Rendering checkout/index
Completed in 15ms (View: 12, DB: 0) | 200 OK [http://localhost/checkout]


Processing CheckoutController#index (for 127.0.0.1 at 2008-12-16 13:31:49) [GET]
Rendering template within layouts/application
Rendering checkout/index
Completed in 15ms (View: 12, DB: 0) | 200 OK [http://localhost/checkout]


Processing EcController#set_ec (for 127.0.0.1 at 2008-12-16 13:32:08) [POST]
  Parameters: {"authenticity_token"=>"02f8772d6f0fec6075d7d23bb1a7b4a0be448970", "submit.x"=>"120", "submit.y"=>"16", "ec"=>{"name"=>"Mr. Bunny", "localecode"=>"US", "shiptocountrycode"=>"US", "shiptostreet2"=>"Blur...", "returnurl"=>"http://localhost:3000/ec/get_ec_details", "shiptozip"=>"92802", "cancelurl"=>"http://localhost:3000/checkout/index", "shiptostreet"=>"1313 Harbor Blvd", "shiptocity"=>"Anaheim", "shipping_option"=>"AddressOverride", "pagestyle"=>"PayPal", "shiptostate"=>"CA", "currencycode"=>"USD", "amt"=>"0.99", "paymentaction"=>"Sale"}}
Redirected to https://www.sandbox.paypal.com/cgi-bin/webscr?cmd=_express-checkout&token=EC-79Y15371R4439723S
Completed in 3699ms (DB: 0) | 302 Found [http://localhost/ec/set_ec]


Processing EcController#get_ec_details (for 127.0.0.1 at 2008-12-16 13:33:42) [GET]
  Parameters: {"token"=>"EC-79Y15371R4439723S", "PayerID"=>"PDPSN24JUSWZS"}
Redirected to actionreview_response
Completed in 1650ms (DB: 0) | 302 Found [http://localhost/ec/get_ec_details?token=EC-79Y15371R4439723S&PayerID=PDPSN24JUSWZS]


Processing EcController#review_response (for 127.0.0.1 at 2008-12-16 13:33:43) [GET]
Rendering template within layouts/application
Rendering ec/review_response
Completed in 15ms (View: 12, DB: 0) | 200 OK [http://localhost/ec/review_response]


Processing EcController#review_response (for 127.0.0.1 at 2008-12-16 13:33:44) [GET]
Rendering template within layouts/application
Rendering ec/review_response
Completed in 16ms (View: 13, DB: 0) | 200 OK [http://localhost/ec/review_response]


Processing EcController#review_response (for 127.0.0.1 at 2008-12-16 13:35:29) [GET]
Rendering template within layouts/application
Rendering ec/review_response
Completed in 17ms (View: 12, DB: 0) | 200 OK [http://localhost/ec/review_response]


Processing EcController#do_ec_payment (for 127.0.0.1 at 2008-12-16 13:35:47) [POST]
  Parameters: {"commit"=>"Confirm", "authenticity_token"=>"02f8772d6f0fec6075d7d23bb1a7b4a0be448970", "ec"=>{"token"=>"EC-79Y15371R4439723S", "currencycode"=>"USD", "amt"=>"0.99", "payerid"=>"PDPSN24JUSWZS", "paymentaction"=>"Sale"}}
Redirected to actionshow_results
Completed in 11755ms (DB: 0) | 302 Found [http://localhost/ec/do_ec_payment]


Processing EcController#show_results (for 127.0.0.1 at 2008-12-16 13:35:59) [GET]
Rendering template within layouts/application
Rendering ec/show_results
Completed in 12ms (View: 10, DB: 0) | 200 OK [http://localhost/ec/show_results]


Processing HomeController#index (for 127.0.0.1 at 2008-12-16 13:36:03) [GET]
Rendering template within layouts/application
Rendering home/index
Completed in 10ms (View: 7, DB: 0) | 200 OK [http://localhost/]


Processing HomeController#index (for 127.0.0.1 at 2008-12-16 13:36:03) [GET]
Rendering template within layouts/application
Rendering home/index
Completed in 9ms (View: 6, DB: 0) | 200 OK [http://localhost/]


Processing HomeController#index (for 127.0.0.1 at 2008-12-16 13:36:35) [GET]
Rendering template within layouts/application
Rendering home/index
Completed in 10ms (View: 7, DB: 0) | 200 OK [http://localhost/]


Processing CheckoutController#index (for 127.0.0.1 at 2008-12-16 13:46:31) [GET]
Rendering template within layouts/application
Rendering checkout/index
Completed in 17ms (View: 13, DB: 0) | 200 OK [http://localhost/checkout]


Processing CheckoutController#index (for 127.0.0.1 at 2008-12-16 13:46:33) [GET]
Rendering template within layouts/application
Rendering checkout/index
Completed in 22ms (View: 19, DB: 0) | 200 OK [http://localhost/checkout]


Processing HomeController#index (for 127.0.0.1 at 2008-12-16 14:02:16) [GET]
Rendering template within layouts/application
Rendering home/index
Completed in 11ms (View: 8, DB: 0) | 200 OK [http://localhost/]


Processing HomeController#index (for 127.0.0.1 at 2008-12-16 14:02:17) [GET]
Rendering template within layouts/application
Rendering home/index
Completed in 8ms (View: 6, DB: 0) | 200 OK [http://localhost/]


Processing CheckoutController#index (for 127.0.0.1 at 2008-12-16 14:02:19) [GET]
Rendering template within layouts/application
Rendering checkout/index
Completed in 15ms (View: 12, DB: 0) | 200 OK [http://localhost/checkout]


Processing CheckoutController#index (for 127.0.0.1 at 2008-12-16 14:02:19) [GET]
Rendering template within layouts/application
Rendering checkout/index
Completed in 15ms (View: 12, DB: 0) | 200 OK [http://localhost/checkout]


Processing EcController#set_ec (for 127.0.0.1 at 2008-12-16 14:02:24) [POST]
  Parameters: {"authenticity_token"=>"02f8772d6f0fec6075d7d23bb1a7b4a0be448970", "submit.x"=>"111", "submit.y"=>"12", "ec"=>{"name"=>"Mr. Bunny", "localecode"=>"US", "shiptocountrycode"=>"US", "shiptostreet2"=>"Blur...", "returnurl"=>"http://localhost:3000/ec/get_ec_details", "shiptozip"=>"92802", "cancelurl"=>"http://localhost:3000/checkout/index", "shiptostreet"=>"1313 Harbor Blvd", "shiptocity"=>"Anaheim", "pagestyle"=>"PayPal", "shiptostate"=>"CA", "currencycode"=>"USD", "amt"=>"1.02", "paymentaction"=>"Sale"}}
Redirected to https://www.sandbox.paypal.com/cgi-bin/webscr?cmd=_express-checkout&token=EC-57N515315K914881K
Completed in 1601ms (DB: 0) | 302 Found [http://localhost/ec/set_ec]


Processing CheckoutController#index (for 127.0.0.1 at 2008-12-16 14:03:40) [GET]
  Parameters: {"token"=>"EC-57N515315K914881K"}
Rendering template within layouts/application
Rendering checkout/index
Completed in 14ms (View: 11, DB: 0) | 200 OK [http://localhost/checkout/index?token=EC-57N515315K914881K]


Processing CheckoutController#index (for 127.0.0.1 at 2008-12-16 14:03:42) [GET]
  Parameters: {"token"=>"EC-57N515315K914881K"}
Rendering template within layouts/application
Rendering checkout/index
Completed in 17ms (View: 13, DB: 0) | 200 OK [http://localhost/checkout/index?token=EC-57N515315K914881K]


Processing EcController#set_ec (for 127.0.0.1 at 2008-12-16 14:05:16) [POST]
  Parameters: {"authenticity_token"=>"02f8772d6f0fec6075d7d23bb1a7b4a0be448970", "submit.x"=>"114", "submit.y"=>"15", "ec"=>{"name"=>"Mr. Bunny", "localecode"=>"US", "shiptocountrycode"=>"US", "shiptostreet2"=>"Blur...", "returnurl"=>"http://localhost:3000/ec/get_ec_details", "shiptozip"=>"92802", "cancelurl"=>"http://localhost:3000/checkout/index", "shiptostreet"=>"1313 Harbor Blvd", "shiptocity"=>"Anaheim", "pagestyle"=>"PayPal", "shiptostate"=>"CA", "currencycode"=>"USD", "amt"=>"1.02", "paymentaction"=>"Sale"}}
Redirected to https://www.sandbox.paypal.com/cgi-bin/webscr?cmd=_express-checkout&token=EC-8P362135L1943400H
Completed in 1614ms (DB: 0) | 302 Found [http://localhost/ec/set_ec]


Processing CheckoutController#index (for 127.0.0.1 at 2008-12-16 14:06:04) [GET]
  Parameters: {"token"=>"EC-8P362135L1943400H"}
Rendering template within layouts/application
Rendering checkout/index
Completed in 16ms (View: 13, DB: 0) | 200 OK [http://localhost/checkout/index?token=EC-8P362135L1943400H]


Processing CheckoutController#index (for 127.0.0.1 at 2008-12-16 14:06:04) [GET]
  Parameters: {"token"=>"EC-8P362135L1943400H"}
Rendering template within layouts/application
Rendering checkout/index
Completed in 18ms (View: 14, DB: 0) | 200 OK [http://localhost/checkout/index?token=EC-8P362135L1943400H]
